<?xml version="1.0" encoding="UTF-8"?>
<testsuite name="com.github.francoisdorval.asteroidapi.AsteroidApiApplicationTests" tests="1" skipped="0" failures="0" errors="0" timestamp="2021-02-25T09:43:19" hostname="DESKTOP-GLBU4IO" time="0.003">
  <properties/>
  <testcase name="contextLoads()" classname="com.github.francoisdorval.asteroidapi.AsteroidApiApplicationTests" time="0.003"/>
  <system-out><![CDATA[2021-02-25 10:43:18.537  INFO 12292 --- [    Test worker] .b.t.c.SpringBootTestContextBootstrapper : Neither @ContextConfiguration nor @ContextHierarchy found for test class [com.github.francoisdorval.asteroidapi.AsteroidApiApplicationTests], using SpringBootContextLoader
2021-02-25 10:43:18.537  INFO 12292 --- [    Test worker] o.s.t.c.support.AbstractContextLoader    : Could not detect default resource locations for test class [com.github.francoisdorval.asteroidapi.AsteroidApiApplicationTests]: no resource found for suffixes {-context.xml, Context.groovy}.
2021-02-25 10:43:18.538  INFO 12292 --- [    Test worker] t.c.s.AnnotationConfigContextLoaderUtils : Could not detect default configuration classes for test class [com.github.francoisdorval.asteroidapi.AsteroidApiApplicationTests]: AsteroidApiApplicationTests does not declare any static, non-private, non-final, nested classes annotated with @Configuration.
2021-02-25 10:43:18.541  INFO 12292 --- [    Test worker] .b.t.c.SpringBootTestContextBootstrapper : Found @SpringBootConfiguration com.github.francoisdorval.asteroidapi.AsteroidApiApplication for test class com.github.francoisdorval.asteroidapi.AsteroidApiApplicationTests
2021-02-25 10:43:18.543  INFO 12292 --- [    Test worker] .b.t.c.SpringBootTestContextBootstrapper : Loaded default TestExecutionListener class names from location [META-INF/spring.factories]: [org.springframework.boot.test.autoconfigure.restdocs.RestDocsTestExecutionListener, org.springframework.boot.test.autoconfigure.web.client.MockRestServiceServerResetTestExecutionListener, org.springframework.boot.test.autoconfigure.web.servlet.MockMvcPrintOnlyOnFailureTestExecutionListener, org.springframework.boot.test.autoconfigure.web.servlet.WebDriverTestExecutionListener, org.springframework.boot.test.autoconfigure.webservices.client.MockWebServiceServerTestExecutionListener, org.springframework.boot.test.mock.mockito.MockitoTestExecutionListener, org.springframework.boot.test.mock.mockito.ResetMocksTestExecutionListener, org.springframework.test.context.web.ServletTestExecutionListener, org.springframework.test.context.support.DirtiesContextBeforeModesTestExecutionListener, org.springframework.test.context.event.ApplicationEventsTestExecutionListener, org.springframework.test.context.support.DependencyInjectionTestExecutionListener, org.springframework.test.context.support.DirtiesContextTestExecutionListener, org.springframework.test.context.transaction.TransactionalTestExecutionListener, org.springframework.test.context.jdbc.SqlScriptsTestExecutionListener, org.springframework.test.context.event.EventPublishingTestExecutionListener]
2021-02-25 10:43:18.544  INFO 12292 --- [    Test worker] .b.t.c.SpringBootTestContextBootstrapper : Using TestExecutionListeners: [org.springframework.test.context.web.ServletTestExecutionListener@26af2bd6, org.springframework.test.context.support.DirtiesContextBeforeModesTestExecutionListener@5195283a, org.springframework.test.context.event.ApplicationEventsTestExecutionListener@2176efcd, org.springframework.boot.test.mock.mockito.MockitoTestExecutionListener@4c75ccff, org.springframework.boot.test.autoconfigure.SpringBootDependencyInjectionTestExecutionListener@135baf3c, org.springframework.test.context.support.DirtiesContextTestExecutionListener@6b779195, org.springframework.test.context.event.EventPublishingTestExecutionListener@7de913b1, org.springframework.boot.test.autoconfigure.restdocs.RestDocsTestExecutionListener@1f192ac7, org.springframework.boot.test.autoconfigure.web.client.MockRestServiceServerResetTestExecutionListener@51754457, org.springframework.boot.test.autoconfigure.web.servlet.MockMvcPrintOnlyOnFailureTestExecutionListener@6598cd5, org.springframework.boot.test.autoconfigure.web.servlet.WebDriverTestExecutionListener@33987334, org.springframework.boot.test.autoconfigure.webservices.client.MockWebServiceServerTestExecutionListener@65012892, org.springframework.boot.test.mock.mockito.ResetMocksTestExecutionListener@1ead9f99]

  .   ____          _            __ _ _
 /\\ / ___'_ __ _ _(_)_ __  __ _ \ \ \ \
( ( )\___ | '_ | '_| | '_ \/ _` | \ \ \ \
 \\/  ___)| |_)| | | | | || (_| |  ) ) ) )
  '  |____| .__|_| |_|_| |_\__, | / / / /
 =========|_|==============|___/=/_/_/_/
 :: Spring Boot ::                (v2.4.2)

2021-02-25 10:43:18.569  INFO 12292 --- [    Test worker] c.g.f.a.AsteroidApiApplicationTests      : Starting AsteroidApiApplicationTests using Java 11.0.10 on DESKTOP-GLBU4IO with PID 12292 (started by alexi in C:\Users\alexi\asteroid-api)
2021-02-25 10:43:18.570  INFO 12292 --- [    Test worker] c.g.f.a.AsteroidApiApplicationTests      : No active profile set, falling back to default profiles: default
2021-02-25 10:43:18.891  INFO 12292 --- [    Test worker] o.s.s.concurrent.ThreadPoolTaskExecutor  : Initializing ExecutorService 'applicationTaskExecutor'
2021-02-25 10:43:18.924  INFO 12292 --- [    Test worker] o.s.b.a.w.s.WelcomePageHandlerMapping    : Adding welcome page: class path resource [static/index.html]
2021-02-25 10:43:19.287  INFO 12292 --- [    Test worker] c.g.f.a.AsteroidApiApplicationTests      : Started AsteroidApiApplicationTests in 0.735 seconds (JVM running for 6.349)
]]></system-out>
  <system-err><![CDATA[]]></system-err>
</testsuite>
