<?xml version="1.0" encoding="UTF-8"?>
<testsuite name="com.github.francoisdorval.asteroidapi.unit.NasaDaoMockTest" tests="2" skipped="0" failures="0" errors="0" timestamp="2021-02-25T09:43:20" hostname="DESKTOP-GLBU4IO" time="0.113">
  <properties/>
  <testcase name="test_Dao_Returns_Correct_Number_Of_Objects()" classname="com.github.francoisdorval.asteroidapi.unit.NasaDaoMockTest" time="0.106"/>
  <testcase name="test_Dao_Returns_Correct_Object()" classname="com.github.francoisdorval.asteroidapi.unit.NasaDaoMockTest" time="0.006"/>
  <system-out><![CDATA[2021-02-25 10:43:19.311  INFO 12292 --- [    Test worker] .b.t.c.SpringBootTestContextBootstrapper : Neither @ContextConfiguration nor @ContextHierarchy found for test class [com.github.francoisdorval.asteroidapi.unit.NasaDaoMockTest], using SpringBootContextLoader
2021-02-25 10:43:19.312  INFO 12292 --- [    Test worker] o.s.t.c.support.AbstractContextLoader    : Could not detect default resource locations for test class [com.github.francoisdorval.asteroidapi.unit.NasaDaoMockTest]: no resource found for suffixes {-context.xml, Context.groovy}.
2021-02-25 10:43:19.312  INFO 12292 --- [    Test worker] t.c.s.AnnotationConfigContextLoaderUtils : Could not detect default configuration classes for test class [com.github.francoisdorval.asteroidapi.unit.NasaDaoMockTest]: NasaDaoMockTest does not declare any static, non-private, non-final, nested classes annotated with @Configuration.
2021-02-25 10:43:19.318  INFO 12292 --- [    Test worker] .b.t.c.SpringBootTestContextBootstrapper : Found @SpringBootConfiguration com.github.francoisdorval.asteroidapi.AsteroidApiApplication for test class com.github.francoisdorval.asteroidapi.unit.NasaDaoMockTest
2021-02-25 10:43:19.320  INFO 12292 --- [    Test worker] .b.t.c.SpringBootTestContextBootstrapper : Loaded default TestExecutionListener class names from location [META-INF/spring.factories]: [org.springframework.boot.test.autoconfigure.restdocs.RestDocsTestExecutionListener, org.springframework.boot.test.autoconfigure.web.client.MockRestServiceServerResetTestExecutionListener, org.springframework.boot.test.autoconfigure.web.servlet.MockMvcPrintOnlyOnFailureTestExecutionListener, org.springframework.boot.test.autoconfigure.web.servlet.WebDriverTestExecutionListener, org.springframework.boot.test.autoconfigure.webservices.client.MockWebServiceServerTestExecutionListener, org.springframework.boot.test.mock.mockito.MockitoTestExecutionListener, org.springframework.boot.test.mock.mockito.ResetMocksTestExecutionListener, org.springframework.test.context.web.ServletTestExecutionListener, org.springframework.test.context.support.DirtiesContextBeforeModesTestExecutionListener, org.springframework.test.context.event.ApplicationEventsTestExecutionListener, org.springframework.test.context.support.DependencyInjectionTestExecutionListener, org.springframework.test.context.support.DirtiesContextTestExecutionListener, org.springframework.test.context.transaction.TransactionalTestExecutionListener, org.springframework.test.context.jdbc.SqlScriptsTestExecutionListener, org.springframework.test.context.event.EventPublishingTestExecutionListener]
2021-02-25 10:43:19.321  INFO 12292 --- [    Test worker] .b.t.c.SpringBootTestContextBootstrapper : Using TestExecutionListeners: [org.springframework.test.context.web.ServletTestExecutionListener@f335920, org.springframework.test.context.support.DirtiesContextBeforeModesTestExecutionListener@27cd0683, org.springframework.test.context.event.ApplicationEventsTestExecutionListener@15e874b8, org.springframework.boot.test.mock.mockito.MockitoTestExecutionListener@7ff77089, org.springframework.boot.test.autoconfigure.SpringBootDependencyInjectionTestExecutionListener@6a18dc0e, org.springframework.test.context.support.DirtiesContextTestExecutionListener@252e36d0, org.springframework.test.context.event.EventPublishingTestExecutionListener@73b5db79, org.springframework.boot.test.autoconfigure.restdocs.RestDocsTestExecutionListener@37029ebe, org.springframework.boot.test.autoconfigure.web.client.MockRestServiceServerResetTestExecutionListener@1b56dcfc, org.springframework.boot.test.autoconfigure.web.servlet.MockMvcPrintOnlyOnFailureTestExecutionListener@4f1af1f0, org.springframework.boot.test.autoconfigure.web.servlet.WebDriverTestExecutionListener@12a99579, org.springframework.boot.test.autoconfigure.webservices.client.MockWebServiceServerTestExecutionListener@31fd0efc, org.springframework.boot.test.mock.mockito.ResetMocksTestExecutionListener@1ce19503]

  .   ____          _            __ _ _
 /\\ / ___'_ __ _ _(_)_ __  __ _ \ \ \ \
( ( )\___ | '_ | '_| | '_ \/ _` | \ \ \ \
 \\/  ___)| |_)| | | | | || (_| |  ) ) ) )
  '  |____| .__|_| |_|_| |_\__, | / / / /
 =========|_|==============|___/=/_/_/_/
 :: Spring Boot ::                (v2.4.2)

2021-02-25 10:43:19.338  INFO 12292 --- [    Test worker] c.g.f.asteroidapi.unit.NasaDaoMockTest   : Starting NasaDaoMockTest using Java 11.0.10 on DESKTOP-GLBU4IO with PID 12292 (started by alexi in C:\Users\alexi\asteroid-api)
2021-02-25 10:43:19.338  INFO 12292 --- [    Test worker] c.g.f.asteroidapi.unit.NasaDaoMockTest   : No active profile set, falling back to default profiles: default
2021-02-25 10:43:19.849  INFO 12292 --- [    Test worker] o.s.s.concurrent.ThreadPoolTaskExecutor  : Initializing ExecutorService 'applicationTaskExecutor'
2021-02-25 10:43:19.885  INFO 12292 --- [    Test worker] o.s.b.a.w.s.WelcomePageHandlerMapping    : Adding welcome page: class path resource [static/index.html]
2021-02-25 10:43:20.149  INFO 12292 --- [    Test worker] c.g.f.asteroidapi.unit.NasaDaoMockTest   : Started NasaDaoMockTest in 0.826 seconds (JVM running for 7.211)
]]></system-out>
  <system-err><![CDATA[]]></system-err>
</testsuite>
