<?xml version="1.0" encoding="UTF-8"?>
<testsuite name="com.github.francoisdorval.asteroidapi.component.ComponentTest" tests="1" skipped="0" failures="0" errors="0" timestamp="2021-02-25T09:43:17" hostname="DESKTOP-GLBU4IO" time="0.652">
  <properties/>
  <testcase name="test_Get_Asteroids()" classname="com.github.francoisdorval.asteroidapi.component.ComponentTest" time="0.652"/>
  <system-out><![CDATA[10:43:14.024 [Test worker] DEBUG org.springframework.test.context.BootstrapUtils - Instantiating CacheAwareContextLoaderDelegate from class [org.springframework.test.context.cache.DefaultCacheAwareContextLoaderDelegate]
10:43:14.049 [Test worker] DEBUG org.springframework.test.context.BootstrapUtils - Instantiating BootstrapContext using constructor [public org.springframework.test.context.support.DefaultBootstrapContext(java.lang.Class,org.springframework.test.context.CacheAwareContextLoaderDelegate)]
10:43:14.110 [Test worker] DEBUG org.springframework.test.context.BootstrapUtils - Instantiating TestContextBootstrapper for test class [com.github.francoisdorval.asteroidapi.component.ComponentTest] from class [org.springframework.boot.test.context.SpringBootTestContextBootstrapper]
10:43:14.128 [Test worker] INFO org.springframework.boot.test.context.SpringBootTestContextBootstrapper - Neither @ContextConfiguration nor @ContextHierarchy found for test class [com.github.francoisdorval.asteroidapi.component.ComponentTest], using SpringBootContextLoader
10:43:14.138 [Test worker] DEBUG org.springframework.test.context.support.AbstractContextLoader - Did not detect default resource location for test class [com.github.francoisdorval.asteroidapi.component.ComponentTest]: class path resource [com/github/francoisdorval/asteroidapi/component/ComponentTest-context.xml] does not exist
10:43:14.138 [Test worker] DEBUG org.springframework.test.context.support.AbstractContextLoader - Did not detect default resource location for test class [com.github.francoisdorval.asteroidapi.component.ComponentTest]: class path resource [com/github/francoisdorval/asteroidapi/component/ComponentTestContext.groovy] does not exist
10:43:14.139 [Test worker] INFO org.springframework.test.context.support.AbstractContextLoader - Could not detect default resource locations for test class [com.github.francoisdorval.asteroidapi.component.ComponentTest]: no resource found for suffixes {-context.xml, Context.groovy}.
10:43:14.140 [Test worker] INFO org.springframework.test.context.support.AnnotationConfigContextLoaderUtils - Could not detect default configuration classes for test class [com.github.francoisdorval.asteroidapi.component.ComponentTest]: ComponentTest does not declare any static, non-private, non-final, nested classes annotated with @Configuration.
10:43:14.313 [Test worker] DEBUG org.springframework.context.annotation.ClassPathScanningCandidateComponentProvider - Identified candidate component class: file [C:\Users\alexi\asteroid-api\build\classes\java\main\com\github\francoisdorval\asteroidapi\AsteroidApiApplication.class]
10:43:14.315 [Test worker] INFO org.springframework.boot.test.context.SpringBootTestContextBootstrapper - Found @SpringBootConfiguration com.github.francoisdorval.asteroidapi.AsteroidApiApplication for test class com.github.francoisdorval.asteroidapi.component.ComponentTest
10:43:14.434 [Test worker] DEBUG org.springframework.boot.test.context.SpringBootTestContextBootstrapper - @TestExecutionListeners is not present for class [com.github.francoisdorval.asteroidapi.component.ComponentTest]: using defaults.
10:43:14.434 [Test worker] INFO org.springframework.boot.test.context.SpringBootTestContextBootstrapper - Loaded default TestExecutionListener class names from location [META-INF/spring.factories]: [org.springframework.boot.test.autoconfigure.restdocs.RestDocsTestExecutionListener, org.springframework.boot.test.autoconfigure.web.client.MockRestServiceServerResetTestExecutionListener, org.springframework.boot.test.autoconfigure.web.servlet.MockMvcPrintOnlyOnFailureTestExecutionListener, org.springframework.boot.test.autoconfigure.web.servlet.WebDriverTestExecutionListener, org.springframework.boot.test.autoconfigure.webservices.client.MockWebServiceServerTestExecutionListener, org.springframework.boot.test.mock.mockito.MockitoTestExecutionListener, org.springframework.boot.test.mock.mockito.ResetMocksTestExecutionListener, org.springframework.test.context.web.ServletTestExecutionListener, org.springframework.test.context.support.DirtiesContextBeforeModesTestExecutionListener, org.springframework.test.context.event.ApplicationEventsTestExecutionListener, org.springframework.test.context.support.DependencyInjectionTestExecutionListener, org.springframework.test.context.support.DirtiesContextTestExecutionListener, org.springframework.test.context.transaction.TransactionalTestExecutionListener, org.springframework.test.context.jdbc.SqlScriptsTestExecutionListener, org.springframework.test.context.event.EventPublishingTestExecutionListener]
10:43:14.449 [Test worker] DEBUG org.springframework.boot.test.context.SpringBootTestContextBootstrapper - Skipping candidate TestExecutionListener [org.springframework.test.context.transaction.TransactionalTestExecutionListener] due to a missing dependency. Specify custom listener classes or make the default listener classes and their required dependencies available. Offending class: [org/springframework/transaction/interceptor/TransactionAttributeSource]
10:43:14.450 [Test worker] DEBUG org.springframework.boot.test.context.SpringBootTestContextBootstrapper - Skipping candidate TestExecutionListener [org.springframework.test.context.jdbc.SqlScriptsTestExecutionListener] due to a missing dependency. Specify custom listener classes or make the default listener classes and their required dependencies available. Offending class: [org/springframework/transaction/interceptor/TransactionAttribute]
10:43:14.450 [Test worker] INFO org.springframework.boot.test.context.SpringBootTestContextBootstrapper - Using TestExecutionListeners: [org.springframework.test.context.web.ServletTestExecutionListener@b3ba983, org.springframework.test.context.support.DirtiesContextBeforeModesTestExecutionListener@59f805a9, org.springframework.test.context.event.ApplicationEventsTestExecutionListener@2cb80de, org.springframework.boot.test.mock.mockito.MockitoTestExecutionListener@9d2af14, org.springframework.boot.test.autoconfigure.SpringBootDependencyInjectionTestExecutionListener@5ff3781c, org.springframework.test.context.support.DirtiesContextTestExecutionListener@463ffb06, org.springframework.test.context.event.EventPublishingTestExecutionListener@182c5e6f, org.springframework.boot.test.autoconfigure.restdocs.RestDocsTestExecutionListener@49af871, org.springframework.boot.test.autoconfigure.web.client.MockRestServiceServerResetTestExecutionListener@40ed5366, org.springframework.boot.test.autoconfigure.web.servlet.MockMvcPrintOnlyOnFailureTestExecutionListener@793377b6, org.springframework.boot.test.autoconfigure.web.servlet.WebDriverTestExecutionListener@39681d9, org.springframework.boot.test.autoconfigure.webservices.client.MockWebServiceServerTestExecutionListener@501ca8aa, org.springframework.boot.test.mock.mockito.ResetMocksTestExecutionListener@7a40a7ac]
10:43:14.454 [Test worker] DEBUG org.springframework.test.context.support.AbstractDirtiesContextTestExecutionListener - Before test class: context [DefaultTestContext@3e45fbcb testClass = ComponentTest, testInstance = [null], testMethod = [null], testException = [null], mergedContextConfiguration = [WebMergedContextConfiguration@6b9b9ea3 testClass = ComponentTest, locations = '{}', classes = '{class com.github.francoisdorval.asteroidapi.AsteroidApiApplication}', contextInitializerClasses = '[]', activeProfiles = '{mock}', propertySourceLocations = '{}', propertySourceProperties = '{org.springframework.boot.test.context.SpringBootTestContextBootstrapper=true, server.port=0}', contextCustomizers = set[org.springframework.boot.test.autoconfigure.actuate.metrics.MetricsExportContextCustomizerFactory$DisableMetricExportContextCustomizer@5c8105ff, org.springframework.boot.test.autoconfigure.properties.PropertyMappingContextCustomizer@0, org.springframework.boot.test.autoconfigure.web.servlet.WebDriverContextCustomizerFactory$Customizer@576025a, org.springframework.boot.test.context.filter.ExcludeFilterContextCustomizer@2509d3db, org.springframework.boot.test.json.DuplicateJsonObjectContextCustomizerFactory$DuplicateJsonObjectContextCustomizer@50c068ca, org.springframework.boot.test.mock.mockito.MockitoContextCustomizer@0, org.springframework.boot.test.web.client.TestRestTemplateContextCustomizer@766e7454, org.springframework.boot.test.context.SpringBootTestArgs@1, org.springframework.boot.test.context.SpringBootTestWebEnvironment@373613fd], resourceBasePath = 'src/main/webapp', contextLoader = 'org.springframework.boot.test.context.SpringBootContextLoader', parent = [null]], attributes = map['org.springframework.test.context.web.ServletTestExecutionListener.activateListener' -> false]], class annotated with @DirtiesContext [false] with mode [null].
10:43:14.466 [Test worker] DEBUG org.springframework.test.context.support.DependencyInjectionTestExecutionListener - Performing dependency injection for test context [[DefaultTestContext@3e45fbcb testClass = ComponentTest, testInstance = com.github.francoisdorval.asteroidapi.component.ComponentTest@4653929b, testMethod = [null], testException = [null], mergedContextConfiguration = [WebMergedContextConfiguration@6b9b9ea3 testClass = ComponentTest, locations = '{}', classes = '{class com.github.francoisdorval.asteroidapi.AsteroidApiApplication}', contextInitializerClasses = '[]', activeProfiles = '{mock}', propertySourceLocations = '{}', propertySourceProperties = '{org.springframework.boot.test.context.SpringBootTestContextBootstrapper=true, server.port=0}', contextCustomizers = set[org.springframework.boot.test.autoconfigure.actuate.metrics.MetricsExportContextCustomizerFactory$DisableMetricExportContextCustomizer@5c8105ff, org.springframework.boot.test.autoconfigure.properties.PropertyMappingContextCustomizer@0, org.springframework.boot.test.autoconfigure.web.servlet.WebDriverContextCustomizerFactory$Customizer@576025a, org.springframework.boot.test.context.filter.ExcludeFilterContextCustomizer@2509d3db, org.springframework.boot.test.json.DuplicateJsonObjectContextCustomizerFactory$DuplicateJsonObjectContextCustomizer@50c068ca, org.springframework.boot.test.mock.mockito.MockitoContextCustomizer@0, org.springframework.boot.test.web.client.TestRestTemplateContextCustomizer@766e7454, org.springframework.boot.test.context.SpringBootTestArgs@1, org.springframework.boot.test.context.SpringBootTestWebEnvironment@373613fd], resourceBasePath = 'src/main/webapp', contextLoader = 'org.springframework.boot.test.context.SpringBootContextLoader', parent = [null]], attributes = map['org.springframework.test.context.web.ServletTestExecutionListener.activateListener' -> false, 'org.springframework.test.context.event.ApplicationEventsTestExecutionListener.recordApplicationEvents' -> false]]].
10:43:14.491 [Test worker] DEBUG org.springframework.core.env.StandardEnvironment - Activating profiles [mock]
10:43:14.495 [Test worker] DEBUG org.springframework.test.context.support.TestPropertySourceUtils - Adding inlined properties to environment: {spring.jmx.enabled=false, org.springframework.boot.test.context.SpringBootTestContextBootstrapper=true, server.port=0}

  .   ____          _            __ _ _
 /\\ / ___'_ __ _ _(_)_ __  __ _ \ \ \ \
( ( )\___ | '_ | '_| | '_ \/ _` | \ \ \ \
 \\/  ___)| |_)| | | | | || (_| |  ) ) ) )
  '  |____| .__|_| |_|_| |_\__, | / / / /
 =========|_|==============|___/=/_/_/_/
 :: Spring Boot ::                (v2.4.2)

2021-02-25 10:43:14.811  INFO 12292 --- [    Test worker] c.g.f.a.component.ComponentTest          : Starting ComponentTest using Java 11.0.10 on DESKTOP-GLBU4IO with PID 12292 (started by alexi in C:\Users\alexi\asteroid-api)
2021-02-25 10:43:14.812  INFO 12292 --- [    Test worker] c.g.f.a.component.ComponentTest          : The following profiles are active: mock
2021-02-25 10:43:16.084  INFO 12292 --- [    Test worker] o.s.b.w.embedded.tomcat.TomcatWebServer  : Tomcat initialized with port(s): 0 (http)
2021-02-25 10:43:16.096  INFO 12292 --- [    Test worker] o.apache.catalina.core.StandardService   : Starting service [Tomcat]
2021-02-25 10:43:16.097  INFO 12292 --- [    Test worker] org.apache.catalina.core.StandardEngine  : Starting Servlet engine: [Apache Tomcat/9.0.41]
2021-02-25 10:43:16.204  INFO 12292 --- [    Test worker] o.a.c.c.C.[Tomcat].[localhost].[/]       : Initializing Spring embedded WebApplicationContext
2021-02-25 10:43:16.205  INFO 12292 --- [    Test worker] w.s.c.ServletWebServerApplicationContext : Root WebApplicationContext: initialization completed in 1096 ms
2021-02-25 10:43:16.582  INFO 12292 --- [    Test worker] o.s.s.concurrent.ThreadPoolTaskExecutor  : Initializing ExecutorService 'applicationTaskExecutor'
2021-02-25 10:43:16.761  INFO 12292 --- [    Test worker] o.s.b.a.w.s.WelcomePageHandlerMapping    : Adding welcome page: class path resource [static/index.html]
2021-02-25 10:43:17.862  INFO 12292 --- [    Test worker] o.s.b.w.embedded.tomcat.TomcatWebServer  : Tomcat started on port(s): 49327 (http) with context path ''
2021-02-25 10:43:17.874  INFO 12292 --- [    Test worker] c.g.f.a.component.ComponentTest          : Started ComponentTest in 3.375 seconds (JVM running for 4.936)
2021-02-25 10:43:18.374  INFO 12292 --- [o-auto-1-exec-1] o.a.c.c.C.[Tomcat].[localhost].[/]       : Initializing Spring DispatcherServlet 'dispatcherServlet'
2021-02-25 10:43:18.375  INFO 12292 --- [o-auto-1-exec-1] o.s.web.servlet.DispatcherServlet        : Initializing Servlet 'dispatcherServlet'
2021-02-25 10:43:18.375  INFO 12292 --- [o-auto-1-exec-1] o.s.web.servlet.DispatcherServlet        : Completed initialization in 0 ms
2021-02-25 10:43:18.468  INFO 12292 --- [    Test worker] c.g.f.a.component.ComponentTest          : result : [{"id":"1","name":"Asteromachin","distanceKilometers":100000.2225},{"id":"2","name":"Asterotruc","distanceKilometers":1234.01},{"id":"3","name":"ʻOumuamua","distanceKilometers":4946111.01}]
]]></system-out>
  <system-err><![CDATA[]]></system-err>
</testsuite>
